D:\CPPPROJECT\SAFE\SAFE\DEBUG\TOOLBUTTON.OBJ
D:\CPPPROJECT\SAFE\SAFE\DEBUG\TITLEWIDGET.OBJ
D:\CPPPROJECT\SAFE\SAFE\DEBUG\PUSHBUTTON.OBJ
D:\CPPPROJECT\SAFE\SAFE\DEBUG\MAINWINDOW.OBJ
D:\CPPPROJECT\SAFE\SAFE\DEBUG\MAIN.OBJ
D:\CPPPROJECT\SAFE\SAFE\DEBUG\MOC_TOOLBUTTON.OBJ
D:\CPPPROJECT\SAFE\SAFE\DEBUG\MOC_TITLEWIDGET.OBJ
D:\CPPPROJECT\SAFE\SAFE\DEBUG\MOC_PUSHBUTTON.OBJ
D:\CPPPROJECT\SAFE\SAFE\DEBUG\MOC_MAINWINDOW.OBJ
D:\CPPPROJECT\SAFE\SAFE\DEBUG\MOC_DROPWIDGET.OBJ
D:\CPPPROJECT\SAFE\SAFE\DEBUG\DROPWIDGET.OBJ
D:\CPPPROJECT\SAFE\SAFE\DEBUG\VC110.PDB
D:\CPPPROJECT\SAFE\SAFE\DEBUG\QRC_SAFE.OBJ
D:\CPPPROJECT\SAFE\SAFE\GENERATEDFILES\DEBUG\MOC_DROPWIDGET.CPP
D:\CPPPROJECT\SAFE\SAFE\GENERATEDFILES\DEBUG\MOC_MAINWINDOW.CPP
D:\CPPPROJECT\SAFE\SAFE\GENERATEDFILES\DEBUG\MOC_TITLEWIDGET.CPP
D:\CPPPROJECT\SAFE\SAFE\GENERATEDFILES\DEBUG\MOC_PUSHBUTTON.CPP
D:\CPPPROJECT\SAFE\SAFE\GENERATEDFILES\DEBUG\MOC_TOOLBUTTON.CPP
D:\CPPPROJECT\SAFE\SAFE\GENERATEDFILES\QRC_SAFE.CPP
D:\CPPPROJECT\SAFE\WIN32\DEBUG\SAFE.ILK
D:\CPPPROJECT\SAFE\WIN32\DEBUG\SAFE.EXE
D:\CPPPROJECT\SAFE\WIN32\DEBUG\SAFE.PDB
D:\CppProject\safe\safe\Debug\DropWidget.obj
D:\CppProject\safe\safe\Debug\main.obj
D:\CppProject\safe\safe\Debug\MainWindow.obj
D:\CppProject\safe\safe\Debug\moc_DropWidget.obj
D:\CppProject\safe\safe\Debug\moc_MainWindow.obj
D:\CppProject\safe\safe\Debug\moc_PushButton.obj
D:\CppProject\safe\safe\Debug\moc_TitleWidget.obj
D:\CppProject\safe\safe\Debug\moc_ToolButton.obj
D:\CppProject\safe\safe\Debug\PushButton.obj
D:\CppProject\safe\safe\Debug\qrc_safe.obj
D:\CppProject\safe\safe\Debug\TitleWidget.obj
D:\CppProject\safe\safe\Debug\ToolButton.obj
D:\CppProject\safe\safe\Debug\cl.command.1.tlog
D:\CppProject\safe\safe\Debug\CL.read.1.tlog
D:\CppProject\safe\safe\Debug\CL.write.1.tlog
D:\CppProject\safe\safe\Debug\custombuild.command.1.tlog
D:\CppProject\safe\safe\Debug\custombuild.read.1.tlog
D:\CppProject\safe\safe\Debug\custombuild.write.1.tlog
D:\CppProject\safe\safe\Debug\link-cvtres.read.1.tlog
D:\CppProject\safe\safe\Debug\link-cvtres.write.1.tlog
D:\CppProject\safe\safe\Debug\link-rc.read.1.tlog
D:\CppProject\safe\safe\Debug\link-rc.write.1.tlog
D:\CppProject\safe\safe\Debug\link.command.1.tlog
D:\CppProject\safe\safe\Debug\link.read.1.tlog
D:\CppProject\safe\safe\Debug\link.write.1.tlog
D:\CppProject\safe\safe\Debug\vc110.pdb
D:\CppProject\safe\Win32\Debug\safe.pdb
D:\CppProject\safe\Win32\Debug\safe.exe
D:\CppProject\safe\Win32\Debug\safe.ilk
