F:\CPPPROJECT\SAFE\SAFE\WIN32\DEBUG\MAIN.OBJ
F:\CPPPROJECT\SAFE\SAFE\WIN32\DEBUG\TOOLBUTTON.OBJ
F:\CPPPROJECT\SAFE\SAFE\WIN32\DEBUG\TITLEWIDGET.OBJ
F:\CPPPROJECT\SAFE\SAFE\WIN32\DEBUG\PUSHBUTTON.OBJ
F:\CPPPROJECT\SAFE\SAFE\WIN32\DEBUG\MAINWINDOW.OBJ
F:\CPPPROJECT\SAFE\SAFE\WIN32\DEBUG\MOC_TOOLBUTTON.OBJ
F:\CPPPROJECT\SAFE\SAFE\WIN32\DEBUG\MOC_TITLEWIDGET.OBJ
F:\CPPPROJECT\SAFE\SAFE\WIN32\DEBUG\MOC_PUSHBUTTON.OBJ
F:\CPPPROJECT\SAFE\SAFE\WIN32\DEBUG\MOC_MAINWINDOW.OBJ
F:\CPPPROJECT\SAFE\SAFE\WIN32\DEBUG\MOC_DROPWIDGET.OBJ
F:\CPPPROJECT\SAFE\SAFE\WIN32\DEBUG\DROPWIDGET.OBJ
F:\CPPPROJECT\SAFE\SAFE\WIN32\DEBUG\VC110.PDB
F:\CPPPROJECT\SAFE\SAFE\WIN32\DEBUG\STACKEDWIDGET.OBJ
F:\CPPPROJECT\SAFE\SAFE\WIN32\DEBUG\MOC_STACKEDWIDGET.OBJ
F:\CPPPROJECT\SAFE\SAFE\WIN32\DEBUG\TIJIANWIDGET.OBJ
F:\CPPPROJECT\SAFE\SAFE\WIN32\DEBUG\MOC_TIJIANWIDGET.OBJ
F:\CPPPROJECT\SAFE\SAFE\WIN32\DEBUG\MOC_CHASHAWIDGET.OBJ
F:\CPPPROJECT\SAFE\SAFE\WIN32\DEBUG\CHASHAWIDGET.OBJ
F:\CPPPROJECT\SAFE\SAFE\WIN32\DEBUG\MOC_MAINMENU.OBJ
F:\CPPPROJECT\SAFE\SAFE\WIN32\DEBUG\MAINMENU.OBJ
F:\CPPPROJECT\SAFE\SAFE\WIN32\DEBUG\QRC_SAFE.OBJ
F:\CPPPROJECT\SAFE\SAFE\WIN32\DEBUG\MOC_ABOUT.OBJ
F:\CPPPROJECT\SAFE\SAFE\WIN32\DEBUG\ABOUT.OBJ
F:\CPPPROJECT\SAFE\SAFE\GENERATEDFILES\DEBUG\MOC_DROPWIDGET.CPP
F:\CPPPROJECT\SAFE\SAFE\GENERATEDFILES\DEBUG\MOC_PUSHBUTTON.CPP
F:\CPPPROJECT\SAFE\SAFE\GENERATEDFILES\DEBUG\MOC_STACKEDWIDGET.CPP
F:\CPPPROJECT\SAFE\SAFE\GENERATEDFILES\DEBUG\MOC_CHASHAWIDGET.CPP
F:\CPPPROJECT\SAFE\SAFE\GENERATEDFILES\DEBUG\MOC_TIJIANWIDGET.CPP
F:\CPPPROJECT\SAFE\SAFE\GENERATEDFILES\DEBUG\MOC_TOOLBUTTON.CPP
F:\CPPPROJECT\SAFE\SAFE\GENERATEDFILES\DEBUG\MOC_TITLEWIDGET.CPP
F:\CPPPROJECT\SAFE\SAFE\GENERATEDFILES\DEBUG\MOC_MAINMENU.CPP
F:\CPPPROJECT\SAFE\SAFE\GENERATEDFILES\QRC_SAFE.CPP
F:\CPPPROJECT\SAFE\SAFE\GENERATEDFILES\DEBUG\MOC_MAINWINDOW.CPP
F:\CPPPROJECT\SAFE\SAFE\GENERATEDFILES\DEBUG\MOC_ABOUT.CPP
F:\CPPPROJECT\SAFE\WIN32\DEBUG\SAFE.ILK
F:\CPPPROJECT\SAFE\WIN32\DEBUG\SAFE.EXE
F:\CPPPROJECT\SAFE\WIN32\DEBUG\SAFE.PDB
F:\CppProject\safe\safe\Win32\Debug\About.obj
F:\CppProject\safe\safe\Win32\Debug\ChaShaWidget.obj
F:\CppProject\safe\safe\Win32\Debug\DropWidget.obj
F:\CppProject\safe\safe\Win32\Debug\main.obj
F:\CppProject\safe\safe\Win32\Debug\MainMenu.obj
F:\CppProject\safe\safe\Win32\Debug\MainWindow.obj
F:\CppProject\safe\safe\Win32\Debug\moc_About.obj
F:\CppProject\safe\safe\Win32\Debug\moc_ChaShaWidget.obj
F:\CppProject\safe\safe\Win32\Debug\moc_DropWidget.obj
F:\CppProject\safe\safe\Win32\Debug\moc_MainMenu.obj
F:\CppProject\safe\safe\Win32\Debug\moc_MainWindow.obj
F:\CppProject\safe\safe\Win32\Debug\moc_PushButton.obj
F:\CppProject\safe\safe\Win32\Debug\moc_StackedWidget.obj
F:\CppProject\safe\safe\Win32\Debug\moc_TiJianWidget.obj
F:\CppProject\safe\safe\Win32\Debug\moc_TitleWidget.obj
F:\CppProject\safe\safe\Win32\Debug\moc_ToolButton.obj
F:\CppProject\safe\safe\Win32\Debug\PushButton.obj
F:\CppProject\safe\safe\Win32\Debug\qrc_safe.obj
F:\CppProject\safe\safe\Win32\Debug\StackedWidget.obj
F:\CppProject\safe\safe\Win32\Debug\TiJianWidget.obj
F:\CppProject\safe\safe\Win32\Debug\TitleWidget.obj
F:\CppProject\safe\safe\Win32\Debug\ToolButton.obj
F:\CppProject\safe\safe\Win32\Debug\cl.command.1.tlog
F:\CppProject\safe\safe\Win32\Debug\CL.read.1.tlog
F:\CppProject\safe\safe\Win32\Debug\CL.write.1.tlog
F:\CppProject\safe\safe\Win32\Debug\custombuild.command.1.tlog
F:\CppProject\safe\safe\Win32\Debug\custombuild.read.1.tlog
F:\CppProject\safe\safe\Win32\Debug\custombuild.write.1.tlog
F:\CppProject\safe\safe\Win32\Debug\link-cvtres.read.1.tlog
F:\CppProject\safe\safe\Win32\Debug\link-cvtres.write.1.tlog
F:\CppProject\safe\safe\Win32\Debug\link-rc.read.1.tlog
F:\CppProject\safe\safe\Win32\Debug\link-rc.write.1.tlog
F:\CppProject\safe\safe\Win32\Debug\link.1052-cvtres.read.1.tlog
F:\CppProject\safe\safe\Win32\Debug\link.1052-cvtres.write.1.tlog
F:\CppProject\safe\safe\Win32\Debug\link.1052-rc.read.1.tlog
F:\CppProject\safe\safe\Win32\Debug\link.1052-rc.write.1.tlog
F:\CppProject\safe\safe\Win32\Debug\link.1052.read.1.tlog
F:\CppProject\safe\safe\Win32\Debug\link.1052.write.1.tlog
F:\CppProject\safe\safe\Win32\Debug\link.2948-cvtres.read.1.tlog
F:\CppProject\safe\safe\Win32\Debug\link.2948-cvtres.write.1.tlog
F:\CppProject\safe\safe\Win32\Debug\link.2948-rc.read.1.tlog
F:\CppProject\safe\safe\Win32\Debug\link.2948-rc.write.1.tlog
F:\CppProject\safe\safe\Win32\Debug\link.2948.read.1.tlog
F:\CppProject\safe\safe\Win32\Debug\link.2948.write.1.tlog
F:\CppProject\safe\safe\Win32\Debug\link.4544-cvtres.read.1.tlog
F:\CppProject\safe\safe\Win32\Debug\link.4544-cvtres.write.1.tlog
F:\CppProject\safe\safe\Win32\Debug\link.4544-rc.read.1.tlog
F:\CppProject\safe\safe\Win32\Debug\link.4544-rc.write.1.tlog
F:\CppProject\safe\safe\Win32\Debug\link.4544.read.1.tlog
F:\CppProject\safe\safe\Win32\Debug\link.4544.write.1.tlog
F:\CppProject\safe\safe\Win32\Debug\link.5036-cvtres.read.1.tlog
F:\CppProject\safe\safe\Win32\Debug\link.5036-cvtres.write.1.tlog
F:\CppProject\safe\safe\Win32\Debug\link.5036-rc.read.1.tlog
F:\CppProject\safe\safe\Win32\Debug\link.5036-rc.write.1.tlog
F:\CppProject\safe\safe\Win32\Debug\link.5036.read.1.tlog
F:\CppProject\safe\safe\Win32\Debug\link.5036.write.1.tlog
F:\CppProject\safe\safe\Win32\Debug\link.5112-cvtres.read.1.tlog
F:\CppProject\safe\safe\Win32\Debug\link.5112-cvtres.write.1.tlog
F:\CppProject\safe\safe\Win32\Debug\link.5112-rc.read.1.tlog
F:\CppProject\safe\safe\Win32\Debug\link.5112-rc.write.1.tlog
F:\CppProject\safe\safe\Win32\Debug\link.5112.read.1.tlog
F:\CppProject\safe\safe\Win32\Debug\link.5112.write.1.tlog
F:\CppProject\safe\safe\Win32\Debug\link.5524-cvtres.read.1.tlog
F:\CppProject\safe\safe\Win32\Debug\link.5524-cvtres.write.1.tlog
F:\CppProject\safe\safe\Win32\Debug\link.5524-rc.read.1.tlog
F:\CppProject\safe\safe\Win32\Debug\link.5524-rc.write.1.tlog
F:\CppProject\safe\safe\Win32\Debug\link.5524.read.1.tlog
F:\CppProject\safe\safe\Win32\Debug\link.5524.write.1.tlog
F:\CppProject\safe\safe\Win32\Debug\link.5756-cvtres.read.1.tlog
F:\CppProject\safe\safe\Win32\Debug\link.5756-cvtres.write.1.tlog
F:\CppProject\safe\safe\Win32\Debug\link.5756-rc.read.1.tlog
F:\CppProject\safe\safe\Win32\Debug\link.5756-rc.write.1.tlog
F:\CppProject\safe\safe\Win32\Debug\link.5756.read.1.tlog
F:\CppProject\safe\safe\Win32\Debug\link.5756.write.1.tlog
F:\CppProject\safe\safe\Win32\Debug\link.5816-cvtres.read.1.tlog
F:\CppProject\safe\safe\Win32\Debug\link.5816-cvtres.write.1.tlog
F:\CppProject\safe\safe\Win32\Debug\link.5816-rc.read.1.tlog
F:\CppProject\safe\safe\Win32\Debug\link.5816-rc.write.1.tlog
F:\CppProject\safe\safe\Win32\Debug\link.5816.read.1.tlog
F:\CppProject\safe\safe\Win32\Debug\link.5816.write.1.tlog
F:\CppProject\safe\safe\Win32\Debug\link.5944-cvtres.read.1.tlog
F:\CppProject\safe\safe\Win32\Debug\link.5944-cvtres.write.1.tlog
F:\CppProject\safe\safe\Win32\Debug\link.5944-rc.read.1.tlog
F:\CppProject\safe\safe\Win32\Debug\link.5944-rc.write.1.tlog
F:\CppProject\safe\safe\Win32\Debug\link.5944.read.1.tlog
F:\CppProject\safe\safe\Win32\Debug\link.5944.write.1.tlog
F:\CppProject\safe\safe\Win32\Debug\link.6260-cvtres.read.1.tlog
F:\CppProject\safe\safe\Win32\Debug\link.6260-cvtres.write.1.tlog
F:\CppProject\safe\safe\Win32\Debug\link.6260-rc.read.1.tlog
F:\CppProject\safe\safe\Win32\Debug\link.6260-rc.write.1.tlog
F:\CppProject\safe\safe\Win32\Debug\link.6260.read.1.tlog
F:\CppProject\safe\safe\Win32\Debug\link.6260.write.1.tlog
F:\CppProject\safe\safe\Win32\Debug\link.7596-cvtres.read.1.tlog
F:\CppProject\safe\safe\Win32\Debug\link.7596-cvtres.write.1.tlog
F:\CppProject\safe\safe\Win32\Debug\link.7596-rc.read.1.tlog
F:\CppProject\safe\safe\Win32\Debug\link.7596-rc.write.1.tlog
F:\CppProject\safe\safe\Win32\Debug\link.7596.read.1.tlog
F:\CppProject\safe\safe\Win32\Debug\link.7596.write.1.tlog
F:\CppProject\safe\safe\Win32\Debug\link.7720-cvtres.read.1.tlog
F:\CppProject\safe\safe\Win32\Debug\link.7720-cvtres.write.1.tlog
F:\CppProject\safe\safe\Win32\Debug\link.7720-rc.read.1.tlog
F:\CppProject\safe\safe\Win32\Debug\link.7720-rc.write.1.tlog
F:\CppProject\safe\safe\Win32\Debug\link.7720.read.1.tlog
F:\CppProject\safe\safe\Win32\Debug\link.7720.write.1.tlog
F:\CppProject\safe\safe\Win32\Debug\link.8556-cvtres.read.1.tlog
F:\CppProject\safe\safe\Win32\Debug\link.8556-cvtres.write.1.tlog
F:\CppProject\safe\safe\Win32\Debug\link.8556-rc.read.1.tlog
F:\CppProject\safe\safe\Win32\Debug\link.8556-rc.write.1.tlog
F:\CppProject\safe\safe\Win32\Debug\link.8556.read.1.tlog
F:\CppProject\safe\safe\Win32\Debug\link.8556.write.1.tlog
F:\CppProject\safe\safe\Win32\Debug\link.command.1.tlog
F:\CppProject\safe\safe\Win32\Debug\link.read.1.tlog
F:\CppProject\safe\safe\Win32\Debug\link.write.1.tlog
F:\CppProject\safe\safe\Win32\Debug\vc110.pdb
F:\CppProject\safe\safe\..\Win32\Debug\safe.exe
