生成启动时间为 2014/10/19 22:18:30。
     1>项目“F:\CppProject\safe\safe\safe.vcxproj”在节点 2 上(Build 个目标)。
     1>CustomBuild:
         Rcc'ing Resources\safe.qrc...
       ClCompile:
         C:\Program Files (x86)\Microsoft Visual Studio 11.0\VC\bin\CL.exe /c /IGeneratedFiles /I. /IGeneratedFiles\Debug /IC:\Qt\Qt5.3.2\5.3\msvc2012_opengl\include /IC:\Qt\Qt5.3.2\5.3\msvc2012_opengl\include\QtWidgets /IC:\Qt\Qt5.3.2\5.3\msvc2012_opengl\include\QtGui /IC:\Qt\Qt5.3.2\5.3\msvc2012_opengl\include\QtCore /IGeneratedFiles\debug /I"C:\Qt\Qt5.3.2\5.3\msvc2012_opengl\mkspecs\win32-msvc2012" /Zi /nologo /W3 /WX- /Od /Oy- /D _WINDOWS /D UNICODE /D WIN32 /D WIN64 /D QT_DLL /D QT_WIDGETS_LIB /D QT_WIDGETS_LIB /D QT_GUI_LIB /D QT_CORE_LIB /Gm- /EHsc /MDd /GS /fp:precise /Zc:wchar_t /Zc:forScope /GR /Fo"Win32\Debug\\" /Fd"Win32\Debug\vc110.pdb" /Gd /TP /analyze- /errorReport:prompt -Zm200 -w34100 -w34189 GeneratedFiles\qrc_safe.cpp
         qrc_safe.cpp
       Link:
         C:\Program Files (x86)\Microsoft Visual Studio 11.0\VC\bin\link.exe /ERRORREPORT:PROMPT /OUT:"..\Win32\Debug\\safe.exe" /NOLOGO /LIBPATH:C:\Qt\Qt5.3.2\5.3\msvc2012_opengl\lib /LIBPATH:C:\Qt\Qt5.3.2\5.3\msvc2012_opengl\lib /LIBPATH:C:\Qt\Qt5.3.2\5.3\msvc2012_opengl\lib glu32.lib opengl32.lib gdi32.lib user32.lib C:\Qt\Qt5.3.2\5.3\msvc2012_opengl\lib\qtmaind.lib C:\Qt\Qt5.3.2\5.3\msvc2012_opengl\lib\Qt5Cored.lib C:\Qt\Qt5.3.2\5.3\msvc2012_opengl\lib\Qt5Widgetsd.lib C:\Qt\Qt5.3.2\5.3\msvc2012_opengl\lib\Qt5Guid.lib C:\Qt\Qt5.3.2\5.3\msvc2012_opengl\lib\Qt5Cored.lib kernel32.lib user32.lib gdi32.lib winspool.lib comdlg32.lib advapi32.lib shell32.lib ole32.lib oleaut32.lib uuid.lib odbc32.lib odbccp32.lib /MANIFEST /MANIFESTUAC:"level='asInvoker' uiAccess='false'" /manifest:embed /DEBUG /PDB:"..\Win32\Debug\safe.pdb" /SUBSYSTEM:WINDOWS /TLBID:1 /DYNAMICBASE /NXCOMPAT /MACHINE:X86 /SAFESEH "/MANIFESTDEPENDENCY:type='win32' name='Microsoft.Windows.Common-Controls' version='6.0.0.0' publicKeyToken='6595b64144ccf1df' language='*' processorArchitecture='*'" Win32\Debug\About.obj
         Win32\Debug\ChaShaWidget.obj
         Win32\Debug\DropWidget.obj
         Win32\Debug\moc_About.obj
         Win32\Debug\moc_ChaShaWidget.obj
         Win32\Debug\moc_DropWidget.obj
         Win32\Debug\moc_MainMenu.obj
         Win32\Debug\moc_MainWindow.obj
         Win32\Debug\moc_PushButton.obj
         Win32\Debug\moc_StackedWidget.obj
         Win32\Debug\moc_TiJianWidget.obj
         Win32\Debug\moc_TitleWidget.obj
         Win32\Debug\moc_ToolButton.obj
         Win32\Debug\qrc_safe.obj
         Win32\Debug\MainMenu.obj
         Win32\Debug\MainWindow.obj
         Win32\Debug\PushButton.obj
         Win32\Debug\StackedWidget.obj
         Win32\Debug\TiJianWidget.obj
         Win32\Debug\TitleWidget.obj
         Win32\Debug\ToolButton.obj
         Win32\Debug\main.obj
         safe.vcxproj -> F:\CppProject\safe\safe\..\Win32\Debug\safe.exe
     1>已完成生成项目“F:\CppProject\safe\safe\safe.vcxproj”(Build 个目标)的操作。

生成成功。

已用时间 00:00:03.20
